TN:
SF:src\addHistory.js
FN:9,addHistory
FNF:1
FNH:1
FNDA:7,addHistory
DA:1,1
DA:2,1
DA:3,1
DA:4,1
DA:5,1
DA:6,1
DA:7,1
DA:8,1
DA:9,1
DA:10,7
DA:11,7
DA:12,7
DA:13,6
DA:14,6
DA:15,6
DA:16,6
DA:17,6
DA:18,7
DA:19,1
DA:20,1
DA:21,7
LF:21
LH:21
BRDA:9,0,0,7
BRDA:11,1,0,2
BRDA:11,2,0,5
BRDA:12,3,0,6
BRDA:14,4,0,1
BRDA:14,5,0,5
BRDA:18,6,0,1
BRF:7
BRH:7
end_of_record
TN:
SF:src\firstLoad.js
FN:2,asyncGeneratorStep
FN:2,_asyncToGenerator
FN:2,_next
FN:2,_throw
FN:2,getGeo
FN:18,_getGeo
FN:27,getWeather
FN:27,_getWeather
FN:27,_callee2
FN:27,_callee2$
FN:40,createPage
FN:69,firstLoad
FN:70,_firstLoad
FNF:13
FNH:9
FNDA:5,asyncGeneratorStep
FNDA:1,_asyncToGenerator
FNDA:4,_next
FNDA:1,_throw
FNDA:0,getGeo
FNDA:0,_getGeo
FNDA:2,getWeather
FNDA:1,_getWeather
FNDA:2,_callee2
FNDA:7,_callee2$
FNDA:1,createPage
FNDA:0,firstLoad
FNDA:0,_firstLoad
DA:1,1
DA:2,0
DA:3,0
DA:4,0
DA:5,0
DA:6,0
DA:7,0
DA:8,0
DA:9,0
DA:10,0
DA:11,0
DA:12,0
DA:13,0
DA:14,0
DA:15,0
DA:16,0
DA:17,0
DA:18,0
DA:19,0
DA:20,0
DA:21,0
DA:22,0
DA:23,0
DA:24,0
DA:25,0
DA:26,0
DA:27,2
DA:28,2
DA:29,2
DA:30,2
DA:31,2
DA:32,1
DA:33,1
DA:34,1
DA:35,1
DA:36,1
DA:37,1
DA:38,1
DA:39,1
DA:40,1
DA:41,1
DA:42,1
DA:43,1
DA:44,1
DA:45,1
DA:46,1
DA:47,1
DA:48,1
DA:49,1
DA:50,1
DA:51,1
DA:52,1
DA:53,1
DA:54,1
DA:55,1
DA:56,1
DA:57,1
DA:58,1
DA:59,1
DA:60,1
DA:61,1
DA:62,1
DA:63,1
DA:64,1
DA:65,1
DA:66,1
DA:67,1
DA:68,1
DA:69,0
DA:70,0
DA:71,0
DA:72,0
DA:73,0
DA:74,0
DA:75,0
DA:76,0
DA:77,0
DA:78,0
DA:79,0
DA:80,0
DA:81,0
DA:82,0
DA:83,1
DA:84,1
LF:84
LH:45
BRDA:2,0,0,5
BRDA:2,1,0,0
BRDA:2,2,0,2
BRDA:2,3,0,3
BRDA:2,4,0,1
BRDA:2,5,0,2
BRDA:2,6,0,2
BRDA:2,7,0,4
BRDA:2,8,0,1
BRDA:27,9,0,2
BRDA:27,10,0,1
BRDA:27,11,0,2
BRDA:27,12,0,7
BRDA:27,13,0,2
BRDA:31,14,0,1
BRDA:32,15,0,1
BRDA:33,16,0,1
BRDA:35,17,0,0
BRDA:35,18,0,2
BRDA:40,19,0,1
BRF:20
BRH:18
end_of_record
TN:
SF:src\getInput.js
FN:2,asyncGeneratorStep
FN:2,_asyncToGenerator
FN:18,addLi
FN:35,_callee
FN:45,resetResult
FN:80,getInput
FNF:6
FNH:3
FNDA:0,asyncGeneratorStep
FNDA:2,_asyncToGenerator
FNDA:4,addLi
FNDA:0,_callee
FNDA:3,resetResult
FNDA:0,getInput
DA:1,1
DA:2,0
DA:3,1
DA:4,1
DA:5,1
DA:6,1
DA:7,1
DA:8,1
DA:9,1
DA:10,1
DA:11,1
DA:12,1
DA:13,1
DA:14,1
DA:15,1
DA:16,1
DA:17,1
DA:18,4
DA:19,4
DA:20,4
DA:21,4
DA:22,4
DA:23,26
DA:24,2
DA:25,2
DA:26,4
DA:27,4
DA:28,4
DA:29,2
DA:30,1
DA:31,1
DA:32,2
DA:33,2
DA:34,2
DA:35,2
DA:36,0
DA:37,0
DA:38,2
DA:39,2
DA:40,2
DA:41,4
DA:42,4
DA:43,1
DA:44,1
DA:45,3
DA:46,3
DA:47,3
DA:48,3
DA:49,3
DA:50,3
DA:51,1
DA:52,1
DA:53,1
DA:54,1
DA:55,1
DA:56,1
DA:57,1
DA:58,1
DA:59,3
DA:60,2
DA:61,2
DA:62,2
DA:63,2
DA:64,2
DA:65,2
DA:66,2
DA:67,2
DA:68,2
DA:69,2
DA:70,2
DA:71,2
DA:72,2
DA:73,2
DA:74,2
DA:75,2
DA:76,2
DA:77,3
DA:78,1
DA:79,1
DA:80,0
DA:81,0
DA:82,0
DA:83,0
DA:84,0
DA:85,0
DA:86,0
DA:87,0
DA:88,0
DA:89,0
DA:90,1
LF:90
LH:77
BRDA:2,0,0,2
BRDA:18,1,0,4
BRDA:28,2,0,2
BRDA:29,3,0,1
BRDA:22,4,0,26
BRDA:23,5,0,2
BRDA:45,6,0,3
BRDA:50,7,0,2
BRDA:50,8,0,1
BRDA:59,9,0,2
BRF:10
BRH:10
end_of_record
